<?xml version="1.0" encoding="UTF-8"?>
<testsuite xmlns:xsi="http://www.w3.org/2001/XMLSchema-instance" xsi:noNamespaceSchemaLocation="https://maven.apache.org/surefire/maven-surefire-plugin/xsd/surefire-test-report.xsd" name="pl.bergmann.AppTest" time="0.592" tests="2" errors="0" skipped="0" failures="0">
  <properties>
[...]
</properties>
  <testcase name="isResponseEmptyFromNbp" classname="pl.bergmann.AppTest" time="0.281"/>
  <testcase name="isDataInOrder" classname="pl.bergmann.AppTest" time="0.148"/>
</testsuite>